<?xml version="1.0" encoding="UTF-8"?>
<testsuite xmlns:xsi="http://www.w3.org/2001/XMLSchema-instance" xsi:noNamespaceSchemaLocation="https://maven.apache.org/surefire/maven-surefire-plugin/xsd/surefire-test-report-3.0.xsd" version="3.0" name="com.xangeldlc.AppTest" time="0.034" tests="0" errors="0" skipped="0" failures="0">
  <properties>
    <property name="java.specification.version" value="21"/>
    <property name="sun.cpu.isalist" value="amd64"/>
    <property name="sun.jnu.encoding" value="Cp1252"/>
    <property name="java.class.path" value="c:\Users\57464429\Desktop\Minecraft Plugins\Achievements\angelo_achievements\target\test-classes;c:\Users\57464429\Desktop\Minecraft Plugins\Achievements\angelo_achievements\target\classes;C:\Users\57464429\.m2\repository\io\papermc\paper\paper-api\1.20.1-R0.1-SNAPSHOT\paper-api-1.20.1-R0.1-SNAPSHOT.jar;C:\Users\57464429\.m2\repository\com\google\guava\guava\31.1-jre\guava-31.1-jre.jar;C:\Users\57464429\.m2\repository\com\google\guava\failureaccess\1.0.1\failureaccess-1.0.1.jar;C:\Users\57464429\.m2\repository\com\google\guava\listenablefuture\9999.0-empty-to-avoid-conflict-with-guava\listenablefuture-9999.0-empty-to-avoid-conflict-with-guava.jar;C:\Users\57464429\.m2\repository\com\google\code\findbugs\jsr305\3.0.2\jsr305-3.0.2.jar;C:\Users\57464429\.m2\repository\com\google\errorprone\error_prone_annotations\2.11.0\error_prone_annotations-2.11.0.jar;C:\Users\57464429\.m2\repository\com\google\j2objc\j2objc-annotations\1.3\j2objc-annotations-1.3.jar;C:\Users\57464429\.m2\repository\com\google\code\gson\gson\2.10\gson-2.10.jar;C:\Users\57464429\.m2\repository\net\md-5\bungeecord-chat\1.20-R0.1-deprecated+build.14\bungeecord-chat-1.20-R0.1-deprecated+build.14.jar;C:\Users\57464429\.m2\repository\org\yaml\snakeyaml\2.0\snakeyaml-2.0.jar;C:\Users\57464429\.m2\repository\org\joml\joml\1.10.5\joml-1.10.5.jar;C:\Users\57464429\.m2\repository\com\googlecode\json-simple\json-simple\1.1.1\json-simple-1.1.1.jar;C:\Users\57464429\.m2\repository\it\unimi\dsi\fastutil\8.5.6\fastutil-8.5.6.jar;C:\Users\57464429\.m2\repository\org\apache\logging\log4j\log4j-api\2.17.1\log4j-api-2.17.1.jar;C:\Users\57464429\.m2\repository\org\slf4j\slf4j-api\1.8.0-beta4\slf4j-api-1.8.0-beta4.jar;C:\Users\57464429\.m2\repository\org\apache\maven\maven-resolver-provider\3.8.5\maven-resolver-provider-3.8.5.jar;C:\Users\57464429\.m2\repository\org\apache\maven\maven-model\3.8.5\maven-model-3.8.5.jar;C:\Users\57464429\.m2\repository\org\apache\maven\maven-model-builder\3.8.5\maven-model-builder-3.8.5.jar;C:\Users\57464429\.m2\repository\org\codehaus\plexus\plexus-interpolation\1.26\plexus-interpolation-1.26.jar;C:\Users\57464429\.m2\repository\org\apache\maven\maven-artifact\3.8.5\maven-artifact-3.8.5.jar;C:\Users\57464429\.m2\repository\org\apache\maven\maven-builder-support\3.8.5\maven-builder-support-3.8.5.jar;C:\Users\57464429\.m2\repository\org\eclipse\sisu\org.eclipse.sisu.inject\0.3.5\org.eclipse.sisu.inject-0.3.5.jar;C:\Users\57464429\.m2\repository\org\apache\maven\maven-repository-metadata\3.8.5\maven-repository-metadata-3.8.5.jar;C:\Users\57464429\.m2\repository\org\apache\maven\resolver\maven-resolver-api\1.6.3\maven-resolver-api-1.6.3.jar;C:\Users\57464429\.m2\repository\org\apache\maven\resolver\maven-resolver-spi\1.6.3\maven-resolver-spi-1.6.3.jar;C:\Users\57464429\.m2\repository\org\apache\maven\resolver\maven-resolver-util\1.6.3\maven-resolver-util-1.6.3.jar;C:\Users\57464429\.m2\repository\org\apache\maven\resolver\maven-resolver-impl\1.6.3\maven-resolver-impl-1.6.3.jar;C:\Users\57464429\.m2\repository\org\apache\commons\commons-lang3\3.8.1\commons-lang3-3.8.1.jar;C:\Users\57464429\.m2\repository\org\codehaus\plexus\plexus-utils\3.3.0\plexus-utils-3.3.0.jar;C:\Users\57464429\.m2\repository\javax\inject\javax.inject\1\javax.inject-1.jar;C:\Users\57464429\.m2\repository\net\kyori\adventure-text-minimessage\4.14.0\adventure-text-minimessage-4.14.0.jar;C:\Users\57464429\.m2\repository\net\kyori\adventure-text-serializer-gson\4.14.0\adventure-text-serializer-gson-4.14.0.jar;C:\Users\57464429\.m2\repository\net\kyori\adventure-text-serializer-json\4.14.0\adventure-text-serializer-json-4.14.0.jar;C:\Users\57464429\.m2\repository\net\kyori\adventure-text-serializer-legacy\4.14.0\adventure-text-serializer-legacy-4.14.0.jar;C:\Users\57464429\.m2\repository\net\kyori\adventure-text-logger-slf4j\4.14.0\adventure-text-logger-slf4j-4.14.0.jar;C:\Users\57464429\.m2\repository\org\checkerframework\checker-qual\3.21.0\checker-qual-3.21.0.jar;C:\Users\57464429\.m2\repository\org\ow2\asm\asm\9.4\asm-9.4.jar;C:\Users\57464429\.m2\repository\org\ow2\asm\asm-commons\9.4\asm-commons-9.4.jar;C:\Users\57464429\.m2\repository\org\ow2\asm\asm-tree\9.4\asm-tree-9.4.jar;C:\Users\57464429\.m2\repository\me\clip\placeholderapi\2.11.6\placeholderapi-2.11.6.jar;C:\Users\57464429\.m2\repository\org\jetbrains\annotations\23.0.0\annotations-23.0.0.jar;C:\Users\57464429\.m2\repository\org\bstats\bstats-bukkit\3.0.1\bstats-bukkit-3.0.1.jar;C:\Users\57464429\.m2\repository\org\bstats\bstats-base\3.0.1\bstats-base-3.0.1.jar;C:\Users\57464429\.m2\repository\net\kyori\adventure-platform-bukkit\4.3.2\adventure-platform-bukkit-4.3.2.jar;C:\Users\57464429\.m2\repository\net\kyori\adventure-platform-api\4.3.2\adventure-platform-api-4.3.2.jar;C:\Users\57464429\.m2\repository\net\kyori\adventure-text-serializer-bungeecord\4.3.2\adventure-text-serializer-bungeecord-4.3.2.jar;C:\Users\57464429\.m2\repository\net\kyori\adventure-nbt\4.13.1\adventure-nbt-4.13.1.jar;C:\Users\57464429\.m2\repository\net\kyori\adventure-text-serializer-gson-legacy-impl\4.13.1\adventure-text-serializer-gson-legacy-impl-4.13.1.jar;C:\Users\57464429\.m2\repository\net\kyori\adventure-platform-facet\4.3.2\adventure-platform-facet-4.3.2.jar;C:\Users\57464429\.m2\repository\net\kyori\adventure-platform-viaversion\4.3.2\adventure-platform-viaversion-4.3.2.jar;C:\Users\57464429\.m2\repository\net\kyori\adventure-api\4.17.0\adventure-api-4.17.0.jar;C:\Users\57464429\.m2\repository\net\kyori\adventure-key\4.17.0\adventure-key-4.17.0.jar;C:\Users\57464429\.m2\repository\net\kyori\examination-api\1.3.0\examination-api-1.3.0.jar;C:\Users\57464429\.m2\repository\net\kyori\examination-string\1.3.0\examination-string-1.3.0.jar;C:\Users\57464429\.m2\repository\net\kyori\adventure-text-serializer-plain\4.17.0\adventure-text-serializer-plain-4.17.0.jar;"/>
    <property name="java.vm.vendor" value="Oracle Corporation"/>
    <property name="sun.arch.data.model" value="64"/>
    <property name="user.variant" value=""/>
    <property name="java.vendor.url" value="https://java.oracle.com/"/>
    <property name="user.timezone" value="America/Montevideo"/>
    <property name="os.name" value="Windows 11"/>
    <property name="java.vm.specification.version" value="21"/>
    <property name="sun.java.launcher" value="SUN_STANDARD"/>
    <property name="user.country" value="UY"/>
    <property name="sun.boot.library.path" value="C:\Program Files\Java\jdk-21\bin"/>
    <property name="sun.java.command" value="C:\Users\57464429\AppData\Local\Temp\surefire16539347783309201760\surefirebooter-20240913184740719_3.jar C:\Users\57464429\AppData\Local\Temp\surefire16539347783309201760 2024-09-13T18-47-40_333-jvmRun1 surefire-20240913184740719_1tmp surefire_0-20240913184740719_2tmp"/>
    <property name="jdk.debug" value="release"/>
    <property name="surefire.test.class.path" value="c:\Users\57464429\Desktop\Minecraft Plugins\Achievements\angelo_achievements\target\test-classes;c:\Users\57464429\Desktop\Minecraft Plugins\Achievements\angelo_achievements\target\classes;C:\Users\57464429\.m2\repository\io\papermc\paper\paper-api\1.20.1-R0.1-SNAPSHOT\paper-api-1.20.1-R0.1-SNAPSHOT.jar;C:\Users\57464429\.m2\repository\com\google\guava\guava\31.1-jre\guava-31.1-jre.jar;C:\Users\57464429\.m2\repository\com\google\guava\failureaccess\1.0.1\failureaccess-1.0.1.jar;C:\Users\57464429\.m2\repository\com\google\guava\listenablefuture\9999.0-empty-to-avoid-conflict-with-guava\listenablefuture-9999.0-empty-to-avoid-conflict-with-guava.jar;C:\Users\57464429\.m2\repository\com\google\code\findbugs\jsr305\3.0.2\jsr305-3.0.2.jar;C:\Users\57464429\.m2\repository\com\google\errorprone\error_prone_annotations\2.11.0\error_prone_annotations-2.11.0.jar;C:\Users\57464429\.m2\repository\com\google\j2objc\j2objc-annotations\1.3\j2objc-annotations-1.3.jar;C:\Users\57464429\.m2\repository\com\google\code\gson\gson\2.10\gson-2.10.jar;C:\Users\57464429\.m2\repository\net\md-5\bungeecord-chat\1.20-R0.1-deprecated+build.14\bungeecord-chat-1.20-R0.1-deprecated+build.14.jar;C:\Users\57464429\.m2\repository\org\yaml\snakeyaml\2.0\snakeyaml-2.0.jar;C:\Users\57464429\.m2\repository\org\joml\joml\1.10.5\joml-1.10.5.jar;C:\Users\57464429\.m2\repository\com\googlecode\json-simple\json-simple\1.1.1\json-simple-1.1.1.jar;C:\Users\57464429\.m2\repository\it\unimi\dsi\fastutil\8.5.6\fastutil-8.5.6.jar;C:\Users\57464429\.m2\repository\org\apache\logging\log4j\log4j-api\2.17.1\log4j-api-2.17.1.jar;C:\Users\57464429\.m2\repository\org\slf4j\slf4j-api\1.8.0-beta4\slf4j-api-1.8.0-beta4.jar;C:\Users\57464429\.m2\repository\org\apache\maven\maven-resolver-provider\3.8.5\maven-resolver-provider-3.8.5.jar;C:\Users\57464429\.m2\repository\org\apache\maven\maven-model\3.8.5\maven-model-3.8.5.jar;C:\Users\57464429\.m2\repository\org\apache\maven\maven-model-builder\3.8.5\maven-model-builder-3.8.5.jar;C:\Users\57464429\.m2\repository\org\codehaus\plexus\plexus-interpolation\1.26\plexus-interpolation-1.26.jar;C:\Users\57464429\.m2\repository\org\apache\maven\maven-artifact\3.8.5\maven-artifact-3.8.5.jar;C:\Users\57464429\.m2\repository\org\apache\maven\maven-builder-support\3.8.5\maven-builder-support-3.8.5.jar;C:\Users\57464429\.m2\repository\org\eclipse\sisu\org.eclipse.sisu.inject\0.3.5\org.eclipse.sisu.inject-0.3.5.jar;C:\Users\57464429\.m2\repository\org\apache\maven\maven-repository-metadata\3.8.5\maven-repository-metadata-3.8.5.jar;C:\Users\57464429\.m2\repository\org\apache\maven\resolver\maven-resolver-api\1.6.3\maven-resolver-api-1.6.3.jar;C:\Users\57464429\.m2\repository\org\apache\maven\resolver\maven-resolver-spi\1.6.3\maven-resolver-spi-1.6.3.jar;C:\Users\57464429\.m2\repository\org\apache\maven\resolver\maven-resolver-util\1.6.3\maven-resolver-util-1.6.3.jar;C:\Users\57464429\.m2\repository\org\apache\maven\resolver\maven-resolver-impl\1.6.3\maven-resolver-impl-1.6.3.jar;C:\Users\57464429\.m2\repository\org\apache\commons\commons-lang3\3.8.1\commons-lang3-3.8.1.jar;C:\Users\57464429\.m2\repository\org\codehaus\plexus\plexus-utils\3.3.0\plexus-utils-3.3.0.jar;C:\Users\57464429\.m2\repository\javax\inject\javax.inject\1\javax.inject-1.jar;C:\Users\57464429\.m2\repository\net\kyori\adventure-text-minimessage\4.14.0\adventure-text-minimessage-4.14.0.jar;C:\Users\57464429\.m2\repository\net\kyori\adventure-text-serializer-gson\4.14.0\adventure-text-serializer-gson-4.14.0.jar;C:\Users\57464429\.m2\repository\net\kyori\adventure-text-serializer-json\4.14.0\adventure-text-serializer-json-4.14.0.jar;C:\Users\57464429\.m2\repository\net\kyori\adventure-text-serializer-legacy\4.14.0\adventure-text-serializer-legacy-4.14.0.jar;C:\Users\57464429\.m2\repository\net\kyori\adventure-text-logger-slf4j\4.14.0\adventure-text-logger-slf4j-4.14.0.jar;C:\Users\57464429\.m2\repository\org\checkerframework\checker-qual\3.21.0\checker-qual-3.21.0.jar;C:\Users\57464429\.m2\repository\org\ow2\asm\asm\9.4\asm-9.4.jar;C:\Users\57464429\.m2\repository\org\ow2\asm\asm-commons\9.4\asm-commons-9.4.jar;C:\Users\57464429\.m2\repository\org\ow2\asm\asm-tree\9.4\asm-tree-9.4.jar;C:\Users\57464429\.m2\repository\me\clip\placeholderapi\2.11.6\placeholderapi-2.11.6.jar;C:\Users\57464429\.m2\repository\org\jetbrains\annotations\23.0.0\annotations-23.0.0.jar;C:\Users\57464429\.m2\repository\org\bstats\bstats-bukkit\3.0.1\bstats-bukkit-3.0.1.jar;C:\Users\57464429\.m2\repository\org\bstats\bstats-base\3.0.1\bstats-base-3.0.1.jar;C:\Users\57464429\.m2\repository\net\kyori\adventure-platform-bukkit\4.3.2\adventure-platform-bukkit-4.3.2.jar;C:\Users\57464429\.m2\repository\net\kyori\adventure-platform-api\4.3.2\adventure-platform-api-4.3.2.jar;C:\Users\57464429\.m2\repository\net\kyori\adventure-text-serializer-bungeecord\4.3.2\adventure-text-serializer-bungeecord-4.3.2.jar;C:\Users\57464429\.m2\repository\net\kyori\adventure-nbt\4.13.1\adventure-nbt-4.13.1.jar;C:\Users\57464429\.m2\repository\net\kyori\adventure-text-serializer-gson-legacy-impl\4.13.1\adventure-text-serializer-gson-legacy-impl-4.13.1.jar;C:\Users\57464429\.m2\repository\net\kyori\adventure-platform-facet\4.3.2\adventure-platform-facet-4.3.2.jar;C:\Users\57464429\.m2\repository\net\kyori\adventure-platform-viaversion\4.3.2\adventure-platform-viaversion-4.3.2.jar;C:\Users\57464429\.m2\repository\net\kyori\adventure-api\4.17.0\adventure-api-4.17.0.jar;C:\Users\57464429\.m2\repository\net\kyori\adventure-key\4.17.0\adventure-key-4.17.0.jar;C:\Users\57464429\.m2\repository\net\kyori\examination-api\1.3.0\examination-api-1.3.0.jar;C:\Users\57464429\.m2\repository\net\kyori\examination-string\1.3.0\examination-string-1.3.0.jar;C:\Users\57464429\.m2\repository\net\kyori\adventure-text-serializer-plain\4.17.0\adventure-text-serializer-plain-4.17.0.jar;"/>
    <property name="sun.cpu.endian" value="little"/>
    <property name="user.home" value="C:\Users\57464429"/>
    <property name="user.language" value="es"/>
    <property name="java.specification.vendor" value="Oracle Corporation"/>
    <property name="java.version.date" value="2024-07-16"/>
    <property name="java.home" value="C:\Program Files\Java\jdk-21"/>
    <property name="file.separator" value="\"/>
    <property name="basedir" value="c:\Users\57464429\Desktop\Minecraft Plugins\Achievements\angelo_achievements"/>
    <property name="java.vm.compressedOopsMode" value="32-bit"/>
    <property name="line.separator" value="&#10;"/>
    <property name="java.vm.specification.vendor" value="Oracle Corporation"/>
    <property name="java.specification.name" value="Java Platform API Specification"/>
    <property name="surefire.real.class.path" value="C:\Users\57464429\AppData\Local\Temp\surefire16539347783309201760\surefirebooter-20240913184740719_3.jar"/>
    <property name="user.script" value=""/>
    <property name="sun.management.compiler" value="HotSpot 64-Bit Tiered Compilers"/>
    <property name="java.runtime.version" value="21.0.4+8-LTS-274"/>
    <property name="user.name" value="57464429"/>
    <property name="stdout.encoding" value="Cp1252"/>
    <property name="path.separator" value=";"/>
    <property name="os.version" value="10.0"/>
    <property name="java.runtime.name" value="Java(TM) SE Runtime Environment"/>
    <property name="file.encoding" value="UTF-8"/>
    <property name="java.vm.name" value="Java HotSpot(TM) 64-Bit Server VM"/>
    <property name="localRepository" value="C:\Users\57464429\.m2\repository"/>
    <property name="java.vendor.url.bug" value="https://bugreport.java.com/bugreport/"/>
    <property name="java.io.tmpdir" value="C:\Users\57464429\AppData\Local\Temp\"/>
    <property name="java.version" value="21.0.4"/>
    <property name="user.dir" value="c:\Users\57464429\Desktop\Minecraft Plugins\Achievements\angelo_achievements"/>
    <property name="os.arch" value="amd64"/>
    <property name="java.vm.specification.name" value="Java Virtual Machine Specification"/>
    <property name="sun.os.patch.level" value=""/>
    <property name="native.encoding" value="Cp1252"/>
    <property name="java.library.path" value="C:\Program Files\Java\jdk-21\bin;C:\Windows\Sun\Java\bin;C:\Windows\system32;C:\Windows;C:\Program Files\WindowsApps\Microsoft.PowerShell_7.4.5.0_x64__8wekyb3d8bbwe;C:\Program Files\Common Files\Oracle\Java\javapath;C:\Program Files (x86)\Common Files\Oracle\Java\java8path;C:\Program Files (x86)\Common Files\Oracle\Java\javapath;C:\Program Files\Python310\Scripts\;C:\Program Files\Python310\;C:\Windows\system32;C:\Windows;C:\Windows\System32\Wbem;C:\Windows\System32\WindowsPowerShell\v1.0\;C:\Windows\System32\OpenSSH\;C:\Program Files\Intel\TXE Components\DAL\;C:\Program Files (x86)\Intel\TXE Components\DAL\;C:\Program Files\dotnet\;C:\Program Files\nodejs\;C:\Program Files\Git\cmd;C:\apache-maven-3.9.8\bin;C:\Users\57464429\AppData\Local\Programs\Microsoft VS Code\bin;C:\Users\57464429\AppData\Local\Programs\oh-my-posh\bin;C:\Users\57464429\AppData\Roaming\npm;C:\Users\57464429\AppData\Local\Programs\Hyper\resources\bin;;."/>
    <property name="java.vm.info" value="mixed mode, sharing"/>
    <property name="stderr.encoding" value="Cp1252"/>
    <property name="java.vendor" value="Oracle Corporation"/>
    <property name="java.vm.version" value="21.0.4+8-LTS-274"/>
    <property name="sun.io.unicode.encoding" value="UnicodeLittle"/>
    <property name="java.class.version" value="65.0"/>
  </properties>
</testsuite>